TN:
SF:src/Logger.ts
FN:18,(anonymous_1)
FN:285,(anonymous_2)
FN:290,(anonymous_3)
FN:297,(anonymous_4)
FN:307,(anonymous_5)
FN:321,(anonymous_6)
FN:344,(anonymous_7)
FN:389,(anonymous_8)
FN:20,(anonymous_9)
FN:26,(anonymous_10)
FN:33,(anonymous_11)
FN:60,(anonymous_12)
FN:73,(anonymous_13)
FN:87,(anonymous_14)
FN:120,(anonymous_15)
FN:129,(anonymous_16)
FN:152,(anonymous_17)
FN:183,(anonymous_18)
FN:192,(anonymous_19)
FN:216,(anonymous_20)
FN:219,(anonymous_21)
FN:225,(anonymous_22)
FN:248,(anonymous_23)
FNF:23
FNH:18
FNDA:35,(anonymous_1)
FNDA:7,(anonymous_2)
FNDA:8,(anonymous_3)
FNDA:0,(anonymous_4)
FNDA:0,(anonymous_5)
FNDA:3,(anonymous_6)
FNDA:4,(anonymous_7)
FNDA:0,(anonymous_8)
FNDA:4,(anonymous_9)
FNDA:65,(anonymous_10)
FNDA:166,(anonymous_11)
FNDA:35,(anonymous_12)
FNDA:31,(anonymous_13)
FNDA:0,(anonymous_14)
FNDA:62,(anonymous_15)
FNDA:58,(anonymous_16)
FNDA:34,(anonymous_17)
FNDA:0,(anonymous_18)
FNDA:4,(anonymous_19)
FNDA:63,(anonymous_20)
FNDA:10,(anonymous_21)
FNDA:64,(anonymous_22)
FNDA:116,(anonymous_23)
DA:1,2
DA:2,2
DA:3,2
DA:4,2
DA:6,2
DA:8,2
DA:11,35
DA:12,35
DA:13,35
DA:14,35
DA:16,35
DA:19,35
DA:20,35
DA:21,4
DA:22,4
DA:27,65
DA:28,35
DA:30,65
DA:34,166
DA:39,166
DA:40,1
DA:41,1
DA:42,1
DA:45,165
DA:46,165
DA:48,163
DA:49,44
DA:50,44
DA:52,1
DA:53,1
DA:57,162
DA:61,35
DA:62,35
DA:63,31
DA:64,31
DA:65,31
DA:67,4
DA:68,4
DA:69,4
DA:74,31
DA:75,31
DA:76,31
DA:80,31
DA:81,1
DA:84,30
DA:87,30
DA:90,30
DA:91,0
DA:92,0
DA:93,0
DA:98,30
DA:99,30
DA:101,30
DA:102,30
DA:103,30
DA:105,30
DA:106,30
DA:107,30
DA:108,30
DA:110,30
DA:111,0
DA:116,0
DA:121,62
DA:122,4
DA:123,0
DA:125,4
DA:129,58
DA:130,58
DA:132,58
DA:133,58
DA:134,52
DA:135,52
DA:137,52
DA:141,58
DA:143,58
DA:146,58
DA:147,30
DA:150,30
DA:151,30
DA:152,34
DA:155,30
DA:156,4
DA:160,0
DA:164,58
DA:170,4
DA:171,4
DA:173,4
DA:174,4
DA:180,0
DA:184,0
DA:186,0
DA:189,58
DA:193,4
DA:195,4
DA:196,4
DA:197,4
DA:199,4
DA:201,4
DA:205,4
DA:208,2
DA:209,2
DA:212,2
DA:217,63
DA:219,10
DA:220,10
DA:221,10
DA:226,64
DA:228,64
DA:232,64
DA:233,53
DA:234,53
DA:236,11
DA:237,11
DA:241,64
DA:242,64
DA:243,2
DA:247,62
DA:249,116
DA:250,114
DA:251,112
DA:252,14
DA:253,4
DA:255,10
DA:257,98
DA:261,62
DA:262,62
DA:265,62
DA:267,6
DA:268,6
DA:270,4
DA:271,4
DA:273,3
DA:274,3
DA:276,49
DA:280,62
DA:284,35
DA:286,7
DA:287,7
DA:288,7
DA:290,8
DA:292,2
DA:293,2
DA:298,0
DA:299,0
DA:300,0
DA:302,0
DA:303,0
DA:308,0
DA:309,0
DA:310,0
DA:311,0
DA:312,0
DA:314,0
DA:316,0
DA:317,0
DA:322,3
DA:323,3
DA:324,3
DA:325,3
DA:328,3
DA:329,1
DA:333,2
DA:334,2
DA:335,2
DA:337,1
DA:339,1
DA:340,1
DA:345,4
DA:346,4
DA:347,4
DA:350,4
DA:351,1
DA:352,1
DA:356,3
DA:357,1
DA:358,1
DA:359,1
DA:363,2
DA:366,1
DA:367,1
DA:368,1
DA:372,1
DA:373,1
DA:374,1
DA:375,1
DA:378,0
DA:380,1
DA:381,1
DA:384,0
DA:385,0
DA:390,0
DA:391,0
DA:392,0
DA:393,0
DA:394,0
DA:395,0
DA:397,0
DA:398,0
DA:400,0
LF:199
LH:164
BRDA:298,0,0,0
BRDA:312,1,0,0
BRDA:325,2,0,0
BRDA:328,3,0,1
BRDA:334,4,0,2
BRDA:350,5,0,1
BRDA:356,6,0,1
BRDA:356,7,0,3
BRDA:356,7,1,2
BRDA:363,8,0,1
BRDA:363,9,0,2
BRDA:363,9,1,1
BRDA:363,9,2,1
BRDA:363,9,3,1
BRDA:374,10,0,1
BRDA:390,11,0,0
BRDA:394,12,0,0
BRDA:27,13,0,35
BRDA:39,14,0,1
BRDA:48,15,0,44
BRDA:80,16,0,1
BRDA:80,17,0,31
BRDA:80,17,1,30
BRDA:80,17,2,30
BRDA:90,18,0,0
BRDA:99,19,0,0
BRDA:106,20,0,30
BRDA:110,21,0,0
BRDA:110,22,0,30
BRDA:110,22,1,30
BRDA:121,23,0,4
BRDA:121,24,0,62
BRDA:121,24,1,58
BRDA:122,25,0,0
BRDA:133,26,0,52
BRDA:146,27,0,30
BRDA:146,28,0,58
BRDA:146,28,1,30
BRDA:155,29,0,4
BRDA:193,30,0,0
BRDA:208,31,0,2
BRDA:217,32,0,53
BRDA:217,33,0,0
BRDA:217,33,1,63
BRDA:217,34,0,63
BRDA:217,34,1,63
BRDA:220,35,0,10
BRDA:220,35,1,0
BRDA:226,36,0,0
BRDA:226,37,0,64
BRDA:226,37,1,0
BRDA:232,38,0,53
BRDA:232,38,1,11
BRDA:242,39,0,2
BRDA:242,40,0,64
BRDA:242,40,1,63
BRDA:249,41,0,2
BRDA:250,42,0,2
BRDA:251,43,0,14
BRDA:252,44,0,4
BRDA:265,45,0,6
BRDA:265,45,1,4
BRDA:265,45,2,3
BRDA:265,45,3,49
BRF:64
BRH:50
end_of_record
TN:
SF:src/constants.ts
FNF:0
FNH:0
DA:1,3
DA:2,3
DA:4,3
DA:21,3
DA:28,3
DA:29,3
DA:30,3
DA:32,3
DA:37,3
DA:49,3
LF:10
LH:10
BRF:0
BRH:0
end_of_record
TN:
SF:src/index.ts
FN:5,(anonymous_0)
FN:8,(anonymous_1)
FN:11,(anonymous_2)
FN:14,(anonymous_3)
FN:18,(anonymous_4)
FN:23,(anonymous_5)
FN:28,(anonymous_6)
FNF:7
FNH:7
FNDA:6,(anonymous_0)
FNDA:10,(anonymous_1)
FNDA:4,(anonymous_2)
FNDA:3,(anonymous_3)
FNDA:12,(anonymous_4)
FNDA:2,(anonymous_5)
FNDA:3,(anonymous_6)
DA:1,2
DA:5,2
DA:6,6
DA:8,2
DA:9,10
DA:11,2
DA:12,4
DA:14,2
DA:15,3
DA:18,2
DA:19,12
DA:23,2
DA:24,2
DA:28,2
DA:29,3
DA:35,2
LF:16
LH:16
BRF:0
BRH:0
end_of_record
TN:
SF:src/utils.ts
FN:8,(anonymous_0)
FN:12,(anonymous_1)
FN:34,(anonymous_2)
FN:52,(anonymous_3)
FN:67,(anonymous_4)
FN:81,(anonymous_5)
FN:94,(anonymous_6)
FNF:7
FNH:6
FNDA:4,(anonymous_0)
FNDA:20,(anonymous_1)
FNDA:10,(anonymous_2)
FNDA:13,(anonymous_3)
FNDA:0,(anonymous_4)
FNDA:3,(anonymous_5)
FNDA:88,(anonymous_6)
DA:2,3
DA:8,3
DA:9,4
DA:10,4
DA:13,20
DA:15,10
DA:16,10
DA:18,4
DA:19,6
DA:21,4
DA:22,2
DA:24,1
DA:25,1
DA:27,1
DA:29,0
DA:34,3
DA:39,10
DA:40,10
DA:41,10
DA:42,10
DA:44,10
DA:45,10
DA:47,10
DA:48,10
DA:49,10
DA:50,10
DA:52,10
DA:53,13
DA:54,12
DA:56,11
DA:57,1
DA:59,1
DA:60,1
DA:61,1
DA:62,1
DA:63,0
DA:67,0
DA:76,1
DA:77,1
DA:81,3
DA:85,0
DA:88,10
DA:91,10
DA:94,3
DA:95,88
LF:45
LH:41
BRDA:8,0,0,2
BRDA:13,1,0,10
BRDA:13,1,1,10
BRDA:16,2,0,4
BRDA:16,2,1,6
BRDA:19,3,0,4
BRDA:19,3,1,2
BRDA:22,4,0,1
BRDA:22,4,1,1
BRDA:22,5,0,2
BRDA:22,5,1,1
BRDA:25,6,0,1
BRDA:41,7,0,1
BRDA:41,7,1,9
BRDA:41,8,0,10
BRDA:41,8,1,10
BRDA:41,9,0,1
BRDA:41,9,1,9
BRDA:41,10,0,10
BRDA:41,10,1,10
BRDA:42,11,0,1
BRDA:42,11,1,9
BRDA:48,12,0,10
BRDA:48,12,1,0
BRDA:53,13,0,1
BRDA:54,14,0,1
BRDA:56,15,0,1
BRDA:60,16,0,1
BRDA:60,17,0,1
BRDA:60,17,1,1
BRDA:94,18,0,87
BRF:31
BRH:30
end_of_record
